<?xml version="1.0" encoding="UTF-8"?>
<testsuite xmlns:xsi="http://www.w3.org/2001/XMLSchema-instance" xsi:noNamespaceSchemaLocation="https://maven.apache.org/surefire/maven-surefire-plugin/xsd/surefire-test-report-3.0.xsd" version="3.0" name="TestSuite" time="3.326" tests="1" errors="0" skipped="0" failures="0">
  <properties>
[...]
</properties>
  <testcase name="verifyStatusCode" classname="com.test.MainTest" time="2.537">
    <system-out><![CDATA[Request method:	GET
Request URI:	http://localhost:8080/books
Proxy:			<none>
Request params:	<none>
Query params:	<none>
Form params:	<none>
Path params:	<none>
Headers:		Authorization=Basic dXNlcjpwYXNzd29yZA==
				Accept=*/*
Cookies:		<none>
Multiparts:		<none>
Body:			<none>
Response Status Code: 200
[
    {
        "id": 1,
        "name": "A to the Bodhisattva Way of Life",
        "author": "Santideva",
        "price": 20.00
    },
    {
        "id": 3,
        "name": "Refactoring: Improving the Design of Existing Code",
        "author": "Martin Fowler",
        "price": 47.99
    },
    {
        "id": 6,
        "name": "A to the Bodhisattva Way of Life",
        "author": "Santideva",
        "price": 15.41
    },
    {
        "id": 7,
        "name": "A to the Bodhisattva Way of Life",
        "author": "Santideva",
        "price": 15.41
    },
    {
        "id": 8,
        "name": "A to the Bodhisattva Way of Life",
        "author": "Santideva",
        "price": 15.41
    },
    {
        "id": 9,
        "name": "A to the Bodhisattva Way of Life",
        "author": "Santideva",
        "price": 15.41
    },
    {
        "id": 10,
        "name": "A to the Bodhisattva Way of Life",
        "author": "Santideva",
        "price": 15.41
    },
    {
        "id": 11,
        "name": "A to the Bodhisattva Way of Life",
        "author": "Santideva",
        "price": 15.41
    },
    {
        "id": 12,
        "name": "A to the Bodhisattva Way of Life",
        "author": "Santideva",
        "price": 15.41
    },
    {
        "id": 13,
        "name": "A to the Bodhisattva Way of Life",
        "author": "Santideva",
        "price": 15.41
    },
    {
        "id": 14,
        "name": "A to the Bodhisattva Way of Life",
        "author": "Santideva",
        "price": 15.41
    },
    {
        "id": 15,
        "name": "A to the Bodhisattva Way of Life",
        "author": "Santideva",
        "price": 15.41
    },
    {
        "id": 16,
        "name": "A to the Bodhisattva Way of Life",
        "author": "Santideva",
        "price": 15.41
    },
    {
        "id": 17,
        "name": "A to the Bodhisattva Way of Life",
        "author": "Santideva",
        "price": 15.41
    },
    {
        "id": 18,
        "name": "A to the Bodhisattva Way of Life",
        "author": "Santideva",
        "price": 15.41
    },
    {
        "id": 19,
        "name": "A to the Bodhisattva Way of Life",
        "author": "Santideva",
        "price": 15.41
    },
    {
        "id": 20,
        "name": "A to the Bodhisattva Way of Life",
        "author": "Santideva",
        "price": 15.41
    },
    {
        "id": 21,
        "name": "A to the Bodhisattva Way of Life",
        "author": "Santideva",
        "price": 15.41
    },
    {
        "id": 22,
        "name": "A to the Bodhisattva Way of Life",
        "author": "Santideva",
        "price": 15.41
    },
    {
        "id": 23,
        "name": "A to the Bodhisattva Way of Life",
        "author": "Santideva",
        "price": 15.41
    },
    {
        "id": 24,
        "name": "A to the Bodhisattva Way of Life",
        "author": "Santideva",
        "price": 15.41
    },
    {
        "id": 25,
        "name": "A to the Bodhisattva Way of Life",
        "author": "Santideva",
        "price": 15.41
    },
    {
        "id": 26,
        "name": "A to the Bodhisattva Way of Life",
        "author": "Santideva",
        "price": 15.41
    },
    {
        "id": 27,
        "name": "A to the Bodhisattva Way of Life",
        "author": "Santideva",
        "price": 15.41
    },
    {
        "id": 28,
        "name": "A to the Bodhisattva Way of Life",
        "author": "Santideva",
        "price": 15.41
    },
    {
        "id": 29,
        "name": "A to the Bodhisattva Way of Life",
        "author": "Santideva",
        "price": 15.41
    }
]
Response Body: [
    {
        "id": 1,
        "name": "A to the Bodhisattva Way of Life",
        "author": "Santideva",
        "price": 20.00
    },
    {
        "id": 3,
        "name": "Refactoring: Improving the Design of Existing Code",
        "author": "Martin Fowler",
        "price": 47.99
    },
    {
        "id": 6,
        "name": "A to the Bodhisattva Way of Life",
        "author": "Santideva",
        "price": 15.41
    },
    {
        "id": 7,
        "name": "A to the Bodhisattva Way of Life",
        "author": "Santideva",
        "price": 15.41
    },
    {
        "id": 8,
        "name": "A to the Bodhisattva Way of Life",
        "author": "Santideva",
        "price": 15.41
    },
    {
        "id": 9,
        "name": "A to the Bodhisattva Way of Life",
        "author": "Santideva",
        "price": 15.41
    },
    {
        "id": 10,
        "name": "A to the Bodhisattva Way of Life",
        "author": "Santideva",
        "price": 15.41
    },
    {
        "id": 11,
        "name": "A to the Bodhisattva Way of Life",
        "author": "Santideva",
        "price": 15.41
    },
    {
        "id": 12,
        "name": "A to the Bodhisattva Way of Life",
        "author": "Santideva",
        "price": 15.41
    },
    {
        "id": 13,
        "name": "A to the Bodhisattva Way of Life",
        "author": "Santideva",
        "price": 15.41
    },
    {
        "id": 14,
        "name": "A to the Bodhisattva Way of Life",
        "author": "Santideva",
        "price": 15.41
    },
    {
        "id": 15,
        "name": "A to the Bodhisattva Way of Life",
        "author": "Santideva",
        "price": 15.41
    },
    {
        "id": 16,
        "name": "A to the Bodhisattva Way of Life",
        "author": "Santideva",
        "price": 15.41
    },
    {
        "id": 17,
        "name": "A to the Bodhisattva Way of Life",
        "author": "Santideva",
        "price": 15.41
    },
    {
        "id": 18,
        "name": "A to the Bodhisattva Way of Life",
        "author": "Santideva",
        "price": 15.41
    },
    {
        "id": 19,
        "name": "A to the Bodhisattva Way of Life",
        "author": "Santideva",
        "price": 15.41
    },
    {
        "id": 20,
        "name": "A to the Bodhisattva Way of Life",
        "author": "Santideva",
        "price": 15.41
    },
    {
        "id": 21,
        "name": "A to the Bodhisattva Way of Life",
        "author": "Santideva",
        "price": 15.41
    },
    {
        "id": 22,
        "name": "A to the Bodhisattva Way of Life",
        "author": "Santideva",
        "price": 15.41
    },
    {
        "id": 23,
        "name": "A to the Bodhisattva Way of Life",
        "author": "Santideva",
        "price": 15.41
    },
    {
        "id": 24,
        "name": "A to the Bodhisattva Way of Life",
        "author": "Santideva",
        "price": 15.41
    },
    {
        "id": 25,
        "name": "A to the Bodhisattva Way of Life",
        "author": "Santideva",
        "price": 15.41
    },
    {
        "id": 26,
        "name": "A to the Bodhisattva Way of Life",
        "author": "Santideva",
        "price": 15.41
    },
    {
        "id": 27,
        "name": "A to the Bodhisattva Way of Life",
        "author": "Santideva",
        "price": 15.41
    },
    {
        "id": 28,
        "name": "A to the Bodhisattva Way of Life",
        "author": "Santideva",
        "price": 15.41
    },
    {
        "id": 29,
        "name": "A to the Bodhisattva Way of Life",
        "author": "Santideva",
        "price": 15.41
    }
]
Response Headers: Set-Cookie=JSESSIONID=B166EC4FEBE0E695139C9319698F3489; Path=/; HttpOnly
X-Content-Type-Options=nosniff
X-XSS-Protection=1; mode=block
Cache-Control=no-cache, no-store, max-age=0, must-revalidate
Pragma=no-cache
Expires=0
X-Frame-Options=DENY
Content-Type=application/json;charset=UTF-8
Transfer-Encoding=chunked
Date=Fri, 21 Mar 2025 18:15:30 GMT
]]></system-out>
  </testcase>
</testsuite>