<?xml version="1.0" encoding="UTF-8"?>
<testsuite xmlns:xsi="http://www.w3.org/2001/XMLSchema-instance" xsi:noNamespaceSchemaLocation="https://maven.apache.org/surefire/maven-surefire-plugin/xsd/surefire-test-report-3.0.xsd" version="3.0" name="com.rest.test.MainTest" time="0.837" tests="1" errors="0" skipped="0" failures="0">
  <properties>
[...]
</properties>
  <testcase name="verifyStatusCode" classname="com.rest.test.MainTest" time="0.637">
    <system-out><![CDATA[Request method:	GET
Request URI:	http://localhost:8082/books
Proxy:			<none>
Request params:	<none>
Query params:	<none>
Form params:	<none>
Path params:	<none>
Headers:		Authorization=Basic dXNlcjpwYXNzd29yZA==
				Accept=*/*
Cookies:		<none>
Multiparts:		<none>
Body:			<none>
Response Status Code: 200
[
    {
        "id": 1,
        "name": "A Guide to the Bodhisattva Way of Life",
        "author": "Santideva",
        "price": 15.41
    },
    {
        "id": 2,
        "name": "The Life-Changing Magic of Tidying Up",
        "author": "Marie Kondo",
        "price": 9.69
    },
    {
        "id": 3,
        "name": "Refactoring: Improving the Design of Existing Code",
        "author": "Martin Fowler",
        "price": 47.99
    }
]
Response Body: [
    {
        "id": 1,
        "name": "A Guide to the Bodhisattva Way of Life",
        "author": "Santideva",
        "price": 15.41
    },
    {
        "id": 2,
        "name": "The Life-Changing Magic of Tidying Up",
        "author": "Marie Kondo",
        "price": 9.69
    },
    {
        "id": 3,
        "name": "Refactoring: Improving the Design of Existing Code",
        "author": "Martin Fowler",
        "price": 47.99
    }
]
Response Headers: Set-Cookie=JSESSIONID=4887392890A4BBA8431929CDA76171C1; Path=/; HttpOnly
X-Content-Type-Options=nosniff
X-XSS-Protection=1; mode=block
Cache-Control=no-cache, no-store, max-age=0, must-revalidate
Pragma=no-cache
Expires=0
X-Frame-Options=DENY
Content-Type=application/json;charset=UTF-8
Transfer-Encoding=chunked
Date=Thu, 13 Feb 2025 16:31:32 GMT
]]></system-out>
    <system-err><![CDATA[SLF4J: Failed to load class "org.slf4j.impl.StaticLoggerBinder".
SLF4J: Defaulting to no-operation (NOP) logger implementation
SLF4J: See http://www.slf4j.org/codes.html#StaticLoggerBinder for further details.
]]></system-err>
  </testcase>
</testsuite>